app/build/intermediates/manifest_merge_blame_file/debug/manifest-merger-blame-debug-report.txt
1<?xml version="1.0" encoding="utf-8"?>
2<manifest xmlns:android="http://schemas.android.com/apk/res/android"
3    package="com.huongdancode.nhom6_app"
4    android:versionCode="1"
5    android:versionName="1.0" >
6
7    <uses-sdk
8        android:minSdkVersion="21"
8-->src\main\AndroidManifest.xml
9        android:targetSdkVersion="31" />
9-->src\main\AndroidManifest.xml
10
11    <uses-permission android:name="android.permission.ACCESS_NETWORK_STATE" />
11-->src\main\AndroidManifest.xml:5:5-79
11-->src\main\AndroidManifest.xml:5:22-76
12    <uses-permission android:name="android.permission.INTERNET" />
12-->src\main\AndroidManifest.xml:6:5-67
12-->src\main\AndroidManifest.xml:6:22-64
13    <uses-permission android:name="android.permission.CALL_PHONE" />
13-->src\main\AndroidManifest.xml:7:5-69
13-->src\main\AndroidManifest.xml:7:22-66
14
15    <application
15-->src\main\AndroidManifest.xml:9:5-59:19
16        android:allowBackup="true"
16-->src\main\AndroidManifest.xml:10:9-35
17        android:appComponentFactory="androidx.core.app.CoreComponentFactory"
17-->[androidx.core:core:1.7.0] AndroidManifest.xml:24:18-86
18        android:debuggable="true"
19        android:icon="@mipmap/ic_launcher"
19-->src\main\AndroidManifest.xml:11:9-43
20        android:label="@string/app_name"
20-->src\main\AndroidManifest.xml:12:9-41
21        android:roundIcon="@mipmap/ic_launcher_round"
21-->src\main\AndroidManifest.xml:13:9-54
22        android:supportsRtl="true"
22-->src\main\AndroidManifest.xml:14:9-35
23        android:testOnly="true"
24        android:theme="@style/Theme.Nhom6_App" >
24-->src\main\AndroidManifest.xml:15:9-47
25        <activity
25-->src\main\AndroidManifest.xml:16:9-18:40
26            android:name="com.huongdancode.nhom6_app.Activity.OrderActivity"
26-->src\main\AndroidManifest.xml:17:13-51
27            android:exported="false" />
27-->src\main\AndroidManifest.xml:18:13-37
28        <activity
28-->src\main\AndroidManifest.xml:19:9-21:40
29            android:name="com.huongdancode.nhom6_app.Activity.AvatarActivity"
29-->src\main\AndroidManifest.xml:20:13-52
30            android:exported="false" />
30-->src\main\AndroidManifest.xml:21:13-37
31        <activity
31-->src\main\AndroidManifest.xml:22:9-24:40
32            android:name="com.huongdancode.nhom6_app.Activity.SearchActivity"
32-->src\main\AndroidManifest.xml:23:13-52
33            android:exported="false" />
33-->src\main\AndroidManifest.xml:24:13-37
34        <activity
34-->src\main\AndroidManifest.xml:25:9-27:40
35            android:name="com.huongdancode.nhom6_app.Activity.ChiTietDonHangActivity"
35-->src\main\AndroidManifest.xml:26:13-60
36            android:exported="false" />
36-->src\main\AndroidManifest.xml:27:13-37
37        <activity
37-->src\main\AndroidManifest.xml:28:9-30:40
38            android:name="com.huongdancode.nhom6_app.Activity.ThanhToanNgayActivity"
38-->src\main\AndroidManifest.xml:29:13-59
39            android:exported="false" />
39-->src\main\AndroidManifest.xml:30:13-37
40        <activity
40-->src\main\AndroidManifest.xml:31:9-33:40
41            android:name="com.huongdancode.nhom6_app.Activity.ThanhToanActivity"
41-->src\main\AndroidManifest.xml:32:13-55
42            android:exported="false" />
42-->src\main\AndroidManifest.xml:33:13-37
43        <activity
43-->src\main\AndroidManifest.xml:34:9-36:40
44            android:name="com.huongdancode.nhom6_app.Activity.CartActivity"
44-->src\main\AndroidManifest.xml:35:13-50
45            android:exported="false" />
45-->src\main\AndroidManifest.xml:36:13-37
46        <activity
46-->src\main\AndroidManifest.xml:37:9-39:40
47            android:name="com.huongdancode.nhom6_app.Activity.ShowProductActivity"
47-->src\main\AndroidManifest.xml:38:13-57
48            android:exported="false" />
48-->src\main\AndroidManifest.xml:39:13-37
49        <activity
49-->src\main\AndroidManifest.xml:40:9-42:40
50            android:name="com.huongdancode.nhom6_app.Activity.NhapOTPActivity"
50-->src\main\AndroidManifest.xml:41:13-53
51            android:exported="false" />
51-->src\main\AndroidManifest.xml:42:13-37
52        <activity
52-->src\main\AndroidManifest.xml:43:9-45:39
53            android:name="com.huongdancode.nhom6_app.Activity.HomeActivity"
53-->src\main\AndroidManifest.xml:44:13-50
54            android:exported="true" />
54-->src\main\AndroidManifest.xml:45:13-36
55        <activity
55-->src\main\AndroidManifest.xml:46:9-48:39
56            android:name="com.huongdancode.nhom6_app.Activity.LoginActivity"
56-->src\main\AndroidManifest.xml:47:13-51
57            android:exported="true" />
57-->src\main\AndroidManifest.xml:48:13-36
58        <activity android:name="com.huongdancode.nhom6_app.Activity.ProductActivity" />
58-->src\main\AndroidManifest.xml:49:9-62
58-->src\main\AndroidManifest.xml:49:19-59
59        <activity
59-->src\main\AndroidManifest.xml:50:9-58:20
60            android:name="com.huongdancode.nhom6_app.Activity.FlashActivity"
60-->src\main\AndroidManifest.xml:51:13-51
61            android:exported="true" >
61-->src\main\AndroidManifest.xml:52:13-36
62            <intent-filter>
62-->src\main\AndroidManifest.xml:53:13-57:29
63                <action android:name="android.intent.action.MAIN" />
63-->src\main\AndroidManifest.xml:54:17-69
63-->src\main\AndroidManifest.xml:54:25-66
64
65                <category android:name="android.intent.category.LAUNCHER" />
65-->src\main\AndroidManifest.xml:56:17-77
65-->src\main\AndroidManifest.xml:56:27-74
66            </intent-filter>
67        </activity>
68
69        <service
69-->[com.google.firebase:firebase-database:20.0.5] AndroidManifest.xml:29:9-35:19
70            android:name="com.google.firebase.components.ComponentDiscoveryService"
70-->[com.google.firebase:firebase-database:20.0.5] AndroidManifest.xml:30:13-84
71            android:directBootAware="true"
71-->[com.google.firebase:firebase-common:20.1.1] AndroidManifest.xml:35:13-43
72            android:exported="false" >
72-->[com.google.firebase:firebase-database:20.0.5] AndroidManifest.xml:31:13-37
73            <meta-data
73-->[com.google.firebase:firebase-database:20.0.5] AndroidManifest.xml:32:13-34:85
74                android:name="com.google.firebase.components:com.google.firebase.database.DatabaseRegistrar"
74-->[com.google.firebase:firebase-database:20.0.5] AndroidManifest.xml:33:17-109
75                android:value="com.google.firebase.components.ComponentRegistrar" />
75-->[com.google.firebase:firebase-database:20.0.5] AndroidManifest.xml:34:17-82
76            <meta-data
76-->[com.google.firebase:firebase-auth:21.0.5] AndroidManifest.xml:67:13-69:85
77                android:name="com.google.firebase.components:com.google.firebase.auth.FirebaseAuthRegistrar"
77-->[com.google.firebase:firebase-auth:21.0.5] AndroidManifest.xml:68:17-109
78                android:value="com.google.firebase.components.ComponentRegistrar" />
78-->[com.google.firebase:firebase-auth:21.0.5] AndroidManifest.xml:69:17-82
79            <meta-data
79-->[com.google.firebase:firebase-storage:20.0.1] AndroidManifest.xml:33:13-35:85
80                android:name="com.google.firebase.components:com.google.firebase.storage.StorageRegistrar"
80-->[com.google.firebase:firebase-storage:20.0.1] AndroidManifest.xml:34:17-107
81                android:value="com.google.firebase.components.ComponentRegistrar" />
81-->[com.google.firebase:firebase-storage:20.0.1] AndroidManifest.xml:35:17-82
82            <meta-data
82-->[com.google.firebase:firebase-firestore:24.1.2] AndroidManifest.xml:20:13-22:85
83                android:name="com.google.firebase.components:com.google.firebase.firestore.FirestoreRegistrar"
83-->[com.google.firebase:firebase-firestore:24.1.2] AndroidManifest.xml:21:17-111
84                android:value="com.google.firebase.components.ComponentRegistrar" />
84-->[com.google.firebase:firebase-firestore:24.1.2] AndroidManifest.xml:22:17-82
85        </service>
86
87        <activity
87-->[com.google.firebase:firebase-auth:21.0.5] AndroidManifest.xml:27:9-44:20
88            android:name="com.google.firebase.auth.internal.GenericIdpActivity"
88-->[com.google.firebase:firebase-auth:21.0.5] AndroidManifest.xml:28:13-80
89            android:excludeFromRecents="true"
89-->[com.google.firebase:firebase-auth:21.0.5] AndroidManifest.xml:29:13-46
90            android:exported="true"
90-->[com.google.firebase:firebase-auth:21.0.5] AndroidManifest.xml:30:13-36
91            android:launchMode="singleTask"
91-->[com.google.firebase:firebase-auth:21.0.5] AndroidManifest.xml:31:13-44
92            android:theme="@android:style/Theme.Translucent.NoTitleBar" >
92-->[com.google.firebase:firebase-auth:21.0.5] AndroidManifest.xml:32:13-72
93            <intent-filter>
93-->[com.google.firebase:firebase-auth:21.0.5] AndroidManifest.xml:33:13-43:29
94                <action android:name="android.intent.action.VIEW" />
94-->[com.google.firebase:firebase-auth:21.0.5] AndroidManifest.xml:34:17-69
94-->[com.google.firebase:firebase-auth:21.0.5] AndroidManifest.xml:34:25-66
95
96                <category android:name="android.intent.category.DEFAULT" />
96-->[com.google.firebase:firebase-auth:21.0.5] AndroidManifest.xml:36:17-76
96-->[com.google.firebase:firebase-auth:21.0.5] AndroidManifest.xml:36:27-73
97                <category android:name="android.intent.category.BROWSABLE" />
97-->[com.google.firebase:firebase-auth:21.0.5] AndroidManifest.xml:37:17-78
97-->[com.google.firebase:firebase-auth:21.0.5] AndroidManifest.xml:37:27-75
98
99                <data
99-->[com.google.firebase:firebase-auth:21.0.5] AndroidManifest.xml:39:17-42:51
100                    android:host="firebase.auth"
100-->[com.google.firebase:firebase-auth:21.0.5] AndroidManifest.xml:40:21-49
101                    android:path="/"
101-->[com.google.firebase:firebase-auth:21.0.5] AndroidManifest.xml:41:21-37
102                    android:scheme="genericidp" />
102-->[com.google.firebase:firebase-auth:21.0.5] AndroidManifest.xml:42:21-48
103            </intent-filter>
104        </activity>
105        <activity
105-->[com.google.firebase:firebase-auth:21.0.5] AndroidManifest.xml:45:9-62:20
106            android:name="com.google.firebase.auth.internal.RecaptchaActivity"
106-->[com.google.firebase:firebase-auth:21.0.5] AndroidManifest.xml:46:13-79
107            android:excludeFromRecents="true"
107-->[com.google.firebase:firebase-auth:21.0.5] AndroidManifest.xml:47:13-46
108            android:exported="true"
108-->[com.google.firebase:firebase-auth:21.0.5] AndroidManifest.xml:48:13-36
109            android:launchMode="singleTask"
109-->[com.google.firebase:firebase-auth:21.0.5] AndroidManifest.xml:49:13-44
110            android:theme="@android:style/Theme.Translucent.NoTitleBar" >
110-->[com.google.firebase:firebase-auth:21.0.5] AndroidManifest.xml:50:13-72
111            <intent-filter>
111-->[com.google.firebase:firebase-auth:21.0.5] AndroidManifest.xml:51:13-61:29
112                <action android:name="android.intent.action.VIEW" />
112-->[com.google.firebase:firebase-auth:21.0.5] AndroidManifest.xml:34:17-69
112-->[com.google.firebase:firebase-auth:21.0.5] AndroidManifest.xml:34:25-66
113
114                <category android:name="android.intent.category.DEFAULT" />
114-->[com.google.firebase:firebase-auth:21.0.5] AndroidManifest.xml:36:17-76
114-->[com.google.firebase:firebase-auth:21.0.5] AndroidManifest.xml:36:27-73
115                <category android:name="android.intent.category.BROWSABLE" />
115-->[com.google.firebase:firebase-auth:21.0.5] AndroidManifest.xml:37:17-78
115-->[com.google.firebase:firebase-auth:21.0.5] AndroidManifest.xml:37:27-75
116
117                <data
117-->[com.google.firebase:firebase-auth:21.0.5] AndroidManifest.xml:39:17-42:51
118                    android:host="firebase.auth"
118-->[com.google.firebase:firebase-auth:21.0.5] AndroidManifest.xml:40:21-49
119                    android:path="/"
119-->[com.google.firebase:firebase-auth:21.0.5] AndroidManifest.xml:41:21-37
120                    android:scheme="recaptcha" />
120-->[com.google.firebase:firebase-auth:21.0.5] AndroidManifest.xml:42:21-48
121            </intent-filter>
122        </activity>
123
124        <provider
124-->[com.squareup.picasso:picasso:2.71828] AndroidManifest.xml:8:9-11:40
125            android:name="com.squareup.picasso.PicassoProvider"
125-->[com.squareup.picasso:picasso:2.71828] AndroidManifest.xml:9:13-64
126            android:authorities="com.huongdancode.nhom6_app.com.squareup.picasso"
126-->[com.squareup.picasso:picasso:2.71828] AndroidManifest.xml:10:13-72
127            android:exported="false" />
127-->[com.squareup.picasso:picasso:2.71828] AndroidManifest.xml:11:13-37
128
129        <service
129-->[androidx.room:room-runtime:2.3.0] AndroidManifest.xml:25:9-28:40
130            android:name="androidx.room.MultiInstanceInvalidationService"
130-->[androidx.room:room-runtime:2.3.0] AndroidManifest.xml:26:13-74
131            android:directBootAware="true"
131-->[androidx.room:room-runtime:2.3.0] AndroidManifest.xml:27:13-43
132            android:exported="false" />
132-->[androidx.room:room-runtime:2.3.0] AndroidManifest.xml:28:13-37
133
134        <activity
134-->[com.google.android.gms:play-services-base:18.0.1] AndroidManifest.xml:20:9-22:45
135            android:name="com.google.android.gms.common.api.GoogleApiActivity"
135-->[com.google.android.gms:play-services-base:18.0.1] AndroidManifest.xml:20:19-85
136            android:exported="false"
136-->[com.google.android.gms:play-services-base:18.0.1] AndroidManifest.xml:22:19-43
137            android:theme="@android:style/Theme.Translucent.NoTitleBar" />
137-->[com.google.android.gms:play-services-base:18.0.1] AndroidManifest.xml:21:19-78
138
139        <provider
139-->[com.google.firebase:firebase-common:20.1.1] AndroidManifest.xml:26:9-31:39
140            android:name="com.google.firebase.provider.FirebaseInitProvider"
140-->[com.google.firebase:firebase-common:20.1.1] AndroidManifest.xml:27:13-77
141            android:authorities="com.huongdancode.nhom6_app.firebaseinitprovider"
141-->[com.google.firebase:firebase-common:20.1.1] AndroidManifest.xml:28:13-72
142            android:directBootAware="true"
142-->[com.google.firebase:firebase-common:20.1.1] AndroidManifest.xml:29:13-43
143            android:exported="false"
143-->[com.google.firebase:firebase-common:20.1.1] AndroidManifest.xml:30:13-37
144            android:initOrder="100" />
144-->[com.google.firebase:firebase-common:20.1.1] AndroidManifest.xml:31:13-36
145
146        <meta-data
146-->[com.google.android.gms:play-services-basement:18.0.0] AndroidManifest.xml:21:9-23:69
147            android:name="com.google.android.gms.version"
147-->[com.google.android.gms:play-services-basement:18.0.0] AndroidManifest.xml:22:13-58
148            android:value="@integer/google_play_services_version" />
148-->[com.google.android.gms:play-services-basement:18.0.0] AndroidManifest.xml:23:13-66
149
150        <provider
150-->[androidx.emoji2:emoji2:1.0.0] AndroidManifest.xml:26:9-34:20
151            android:name="androidx.startup.InitializationProvider"
151-->[androidx.emoji2:emoji2:1.0.0] AndroidManifest.xml:27:13-67
152            android:authorities="com.huongdancode.nhom6_app.androidx-startup"
152-->[androidx.emoji2:emoji2:1.0.0] AndroidManifest.xml:28:13-68
153            android:exported="false" >
153-->[androidx.emoji2:emoji2:1.0.0] AndroidManifest.xml:29:13-37
154            <meta-data
154-->[androidx.emoji2:emoji2:1.0.0] AndroidManifest.xml:31:13-33:52
155                android:name="androidx.emoji2.text.EmojiCompatInitializer"
155-->[androidx.emoji2:emoji2:1.0.0] AndroidManifest.xml:32:17-75
156                android:value="androidx.startup" />
156-->[androidx.emoji2:emoji2:1.0.0] AndroidManifest.xml:33:17-49
157            <meta-data
157-->[androidx.lifecycle:lifecycle-process:2.4.0] AndroidManifest.xml:31:13-33:52
158                android:name="androidx.lifecycle.ProcessLifecycleInitializer"
158-->[androidx.lifecycle:lifecycle-process:2.4.0] AndroidManifest.xml:32:17-78
159                android:value="androidx.startup" />
159-->[androidx.lifecycle:lifecycle-process:2.4.0] AndroidManifest.xml:33:17-49
160        </provider>
161    </application>
162
163</manifest>